TN:
SF:script/Pipe.s.sol
FN:7,Pipe.setUp
FNDA:0,Pipe.setUp
FN:9,Pipe.run
FNDA:0,Pipe.run
DA:10,0
FNF:2
FNH:0
LF:1
LH:0
BRF:0
BRH:0
end_of_record
TN:
SF:src/PaipaLibrary.sol
FN:22,PaipaLibrary.bytesToUint256
FNDA:2,PaipaLibrary.bytesToUint256
DA:23,2
BRDA:23,0,0,-
BRDA:23,0,1,2
DA:24,0
DA:27,2
FN:32,PaipaLibrary.getSlice
FNDA:5,PaipaLibrary.getSlice
DA:33,5
DA:35,5
BRDA:35,1,0,-
BRDA:35,1,1,5
DA:36,0
DA:38,5
DA:41,5
DA:44,5
FNF:2
FNH:2
LF:9
LH:7
BRF:4
BRH:2
end_of_record
TN:
SF:src/Pipe.sol
FN:69,Pipe.createPipe
FNDA:5,Pipe.createPipe
DA:73,5
DA:75,5
BRDA:75,0,0,-
BRDA:75,0,1,5
DA:76,0
DA:80,5
BRDA:80,1,0,1
BRDA:80,1,1,5
DA:88,1
DA:90,5
DA:91,11
DA:92,11
DA:94,11
BRDA:94,2,0,-
BRDA:94,2,1,11
DA:95,0
DA:97,11
BRDA:97,3,0,-
BRDA:97,3,1,11
DA:98,0
DA:100,11
DA:101,12
DA:104,12
DA:108,11
DA:111,11
FN:116,Pipe.getPipe
FNDA:1,Pipe.getPipe
DA:117,1
FN:120,Pipe.argTypeIsDynamic
FNDA:2,Pipe.argTypeIsDynamic
DA:121,2
FN:125,Pipe.runPipe
FNDA:1,Pipe.runPipe
DA:126,1
DA:128,1
DA:129,4
DA:131,4
DA:133,4
DA:135,4
BRDA:135,4,0,-
BRDA:135,4,1,4
DA:136,0
DA:138,4
DA:141,4
FN:146,Pipe.buildData
FNDA:4,Pipe.buildData
DA:151,4
DA:153,4
DA:154,5
BRDA:154,5,0,-
BRDA:154,5,1,2
DA:155,2
DA:157,2
DA:159,3
DA:163,5
FN:170,Pipe.runTransaction
FNDA:0,Pipe.runTransaction
DA:171,0
BRDA:171,6,0,-
BRDA:171,6,1,-
DA:172,0
DA:174,0
DA:176,0
BRDA:176,7,0,-
BRDA:176,7,1,-
DA:177,0
DA:179,0
FN:182,Pipe.setExecutionInterval
FNDA:0,Pipe.setExecutionInterval
DA:183,0
FN:186,Pipe.withdrawERC20
FNDA:0,Pipe.withdrawERC20
DA:187,0
FN:190,Pipe.withdraw721
FNDA:0,Pipe.withdraw721
DA:191,0
FNF:9
FNH:5
LF:44
LH:31
BRF:16
BRH:7
end_of_record
TN:
SF:src/PipeFactory.sol
FN:14,PipeFactory.deployPipe
FNDA:2,PipeFactory.deployPipe
DA:15,2
DA:17,2
DA:19,2
DA:21,2
FN:24,PipeFactory.getUserPipes
FNDA:1,PipeFactory.getUserPipes
DA:25,1
FNF:2
FNH:2
LF:5
LH:5
BRF:0
BRH:0
end_of_record
TN:
SF:test/fixtures/PipeFixture.sol
FN:36,PipeFixture.setUp
FNDA:0,PipeFixture.setUp
DA:37,0
DA:39,0
DA:40,0
DA:42,0
DA:43,0
DA:45,0
DA:46,0
DA:48,0
FNF:1
FNH:0
LF:8
LH:0
BRF:0
BRH:0
end_of_record
TN:
SF:test/mock/MockContracts.sol
FN:51,MockToken.mint
FNDA:0,MockToken.mint
DA:52,0
FN:11,MockContract0.getCounter
FNDA:0,MockContract0.getCounter
DA:12,0
FN:15,MockContract0.count
FNDA:0,MockContract0.count
DA:16,0
FN:19,MockContract0.increment
FNDA:0,MockContract0.increment
DA:20,0
FN:64,MockStake.deposit
FNDA:1,MockStake.deposit
DA:65,1
DA:67,1
FN:70,MockStake.withdraw
FNDA:0,MockStake.withdraw
DA:71,0
BRDA:71,0,0,-
BRDA:71,0,1,-
DA:73,0
DA:75,0
FN:78,MockStake.collectRewards
FNDA:0,MockStake.collectRewards
DA:79,0
BRDA:79,1,0,-
BRDA:79,1,1,-
DA:82,0
FN:85,MockStake.balanceOf
FNDA:1,MockStake.balanceOf
DA:86,1
FN:27,MockContract1.toggleLock
FNDA:0,MockContract1.toggleLock
DA:28,0
FN:31,MockContract1.getLocked
FNDA:0,MockContract1.getLocked
DA:32,0
FN:35,MockContract1.setLock
FNDA:0,MockContract1.setLock
DA:36,0
FN:39,MockContract1.getNumber
FNDA:0,MockContract1.getNumber
DA:40,0
FNF:12
FNH:2
LF:16
LH:3
BRF:4
BRH:0
end_of_record
